Using pre-set license
Built from '2021.1/staging' branch; Version is '2021.1.6f1 (c0fade0cc7e9) revision 12647134'; Using compiler version '192528614'; Build Type 'Release'
OS: 'Windows 10 Home Single Language; OS build 19042.985; Version 2009; 64bit' Language: 'en' Physical Memory: 8058 MB
BatchMode: 1, IsHumanControllingUs: 0, StartBugReporterOnCrash: 0, Is64bit: 1, IsPro: 0

 COMMAND LINE ARGUMENTS:
E:\Unity\2021.1.6f1\Editor\Unity.exe
-adb2
-batchMode
-noUpm
-name
AssetImportWorker0
-projectPath
E:/Game/work_space/CDPC
-logFile
Logs/AssetImportWorker0.log
-srvPort
52569
Successfully changed project path to: E:/Game/work_space/CDPC
E:/Game/work_space/CDPC
Using Asset Import Pipeline V2.
Refreshing native plugins compatible for Editor in 88.90 ms, found 1 plugins.
Preloading 0 native plugins for Editor in 0.00 ms.
Initialize engine version: 2021.1.6f1 (c0fade0cc7e9)
[Subsystems] Discovering subsystems at path E:/Unity/2021.1.6f1/Editor/Data/Resources/UnitySubsystems
[Subsystems] Discovering subsystems at path E:/Game/work_space/CDPC/Assets
GfxDevice: creating device client; threaded=0; jobified=0
Direct3D:
    Version:  Direct3D 11.0 [level 11.1]
    Renderer: NVIDIA GeForce GTX 1050 (ID=0x1c8d)
    Vendor:   NVIDIA
    VRAM:     4019 MB
    Driver:   27.21.14.5771
Initialize mono
Mono path[0] = 'E:/Unity/2021.1.6f1/Editor/Data/Managed'
Mono path[1] = 'E:/Unity/2021.1.6f1/Editor/Data/MonoBleedingEdge/lib/mono/unityjit'
Mono config path = 'E:/Unity/2021.1.6f1/Editor/Data/MonoBleedingEdge/etc'
Using monoOptions --debugger-agent=transport=dt_socket,embedding=1,server=y,suspend=n,address=127.0.0.1:56440
Begin MonoManager ReloadAssembly
Registering precompiled unity dll's ...
Register platform support module: E:/Unity/2021.1.6f1/Editor/Data/PlaybackEngines/WebGLSupport/UnityEditor.WebGL.Extensions.dll
Register platform support module: E:/Unity/2021.1.6f1/Editor/Data/PlaybackEngines/WindowsStandaloneSupport/UnityEditor.WindowsStandalone.Extensions.dll
Registered in 0.001591 seconds.
Native extension for WindowsStandalone target not found
Native extension for WebGL target not found
Refreshing native plugins compatible for Editor in 76.53 ms, found 1 plugins.
Preloading 0 native plugins for Editor in 0.00 ms.
Mono: successfully reloaded assembly
- Completed reload, in  1.962 seconds
Platform modules already initialized, skipping
Registering precompiled user dll's ...
Registered in 0.001664 seconds.
Begin MonoManager ReloadAssembly
Native extension for WindowsStandalone target not found
Native extension for WebGL target not found
Refreshing native plugins compatible for Editor in 80.82 ms, found 1 plugins.
Preloading 0 native plugins for Editor in 0.00 ms.
Mono: successfully reloaded assembly
- Completed reload, in  1.546 seconds
Platform modules already initialized, skipping
========================================================================
Worker process is ready to serve import requests
Launched and connected shader compiler UnityShaderCompiler.exe after 0.13 seconds
Refreshing native plugins compatible for Editor in 0.98 ms, found 1 plugins.
Preloading 0 native plugins for Editor in 0.00 ms.
Unloading 1983 Unused Serialized files (Serialized files now loaded: 0)
System memory in use before: 107.1 MB.
System memory in use after: 107.2 MB.

Unloading 31 unused Assets to reduce memory usage. Loaded Objects now: 2456.
Total: 3.853800 ms (FindLiveObjects: 0.247300 ms CreateObjectMapping: 0.195500 ms MarkObjects: 3.378800 ms  DeleteObjects: 0.030800 ms)

========================================================================
Received Import Request.
  path: Assets/Scripts/GameManager/GameManager.cs
  artifactKey: Guid(fb5da5a18d52bf3419f29f195c7d18c3) Importer(815301076,1909f56bfc062723c751e8b465ee728b)
Start importing Assets/Scripts/GameManager/GameManager.cs using Guid(fb5da5a18d52bf3419f29f195c7d18c3) Importer(815301076,1909f56bfc062723c751e8b465ee728b)  -> (artifact id: '3eda0962b07cf8b0f90efd31bbffb914') in 0.170732 seconds 
========================================================================
Received Import Request.
  Time since last request: 42.994237 seconds.
  path: Assets/Scripts/GameManager/GameManager.cs
  artifactKey: Guid(fb5da5a18d52bf3419f29f195c7d18c3) Importer(815301076,1909f56bfc062723c751e8b465ee728b)
Start importing Assets/Scripts/GameManager/GameManager.cs using Guid(fb5da5a18d52bf3419f29f195c7d18c3) Importer(815301076,1909f56bfc062723c751e8b465ee728b)  -> (artifact id: '9cba805405fab27cfd1bb55441e73681') in 0.009509 seconds 
========================================================================
Received Prepare
Registering precompiled user dll's ...
Registered in 0.001035 seconds.
Begin MonoManager ReloadAssembly
Native extension for WindowsStandalone target not found
Native extension for WebGL target not found
Refreshing native plugins compatible for Editor in 0.70 ms, found 1 plugins.
Preloading 0 native plugins for Editor in 0.00 ms.
Mono: successfully reloaded assembly
- Completed reload, in  1.142 seconds
Platform modules already initialized, skipping
Switching build target platform(19) subTarget(0) extendedPlatform(0) -> platform(9) subTarget(16777218) extendedPlatform(0)
Refreshing native plugins compatible for Editor in 0.69 ms, found 1 plugins.
Preloading 0 native plugins for Editor in 0.00 ms.
Unloading 1964 Unused Serialized files (Serialized files now loaded: 0)
System memory in use before: 105.8 MB.
System memory in use after: 105.9 MB.

Unloading 21 unused Assets to reduce memory usage. Loaded Objects now: 2459.
Total: 2.453400 ms (FindLiveObjects: 0.169700 ms CreateObjectMapping: 0.077300 ms MarkObjects: 2.182900 ms  DeleteObjects: 0.022700 ms)

AssetImportParameters requested are different than current active one (requested -> active):
  custom:graphics/normal-map-encoding: 01000000000000000000000000000000 -> 02000000000000000000000000000000
========================================================================
Received Prepare
Registering precompiled user dll's ...
Registered in 0.001216 seconds.
Begin MonoManager ReloadAssembly
Native extension for WindowsStandalone target not found
Native extension for WebGL target not found
Refreshing native plugins compatible for Editor in 0.69 ms, found 1 plugins.
Preloading 0 native plugins for Editor in 0.00 ms.
Mono: successfully reloaded assembly
- Completed reload, in  1.150 seconds
Platform modules already initialized, skipping
Switching build target platform(19) subTarget(0) extendedPlatform(0) -> platform(9) subTarget(16777218) extendedPlatform(0)
Refreshing native plugins compatible for Editor in 0.70 ms, found 1 plugins.
Preloading 0 native plugins for Editor in 0.00 ms.
Unloading 1964 Unused Serialized files (Serialized files now loaded: 0)
System memory in use before: 105.9 MB.
System memory in use after: 106.0 MB.

Unloading 21 unused Assets to reduce memory usage. Loaded Objects now: 2462.
Total: 3.410700 ms (FindLiveObjects: 0.321300 ms CreateObjectMapping: 0.086600 ms MarkObjects: 2.948900 ms  DeleteObjects: 0.033900 ms)

AssetImportParameters requested are different than current active one (requested -> active):
  custom:graphics/normal-map-encoding: 01000000000000000000000000000000 -> 02000000000000000000000000000000
========================================================================
Received Import Request.
  Time since last request: 89.983976 seconds.
  path: Assets/Scenes/Game2.unity
  artifactKey: Guid(24b7dbb30653bad448e9ce3a2ef1c1f5) Importer(815301076,1909f56bfc062723c751e8b465ee728b)
Start importing Assets/Scenes/Game2.unity using Guid(24b7dbb30653bad448e9ce3a2ef1c1f5) Importer(815301076,1909f56bfc062723c751e8b465ee728b)  -> (artifact id: '61101d8222a44efc3bdbcd321be96af6') in 0.031430 seconds 
========================================================================
Received Prepare
Registering precompiled user dll's ...
Registered in 0.001296 seconds.
Begin MonoManager ReloadAssembly
Native extension for WindowsStandalone target not found
Native extension for WebGL target not found
Refreshing native plugins compatible for Editor in 0.71 ms, found 1 plugins.
Preloading 0 native plugins for Editor in 0.00 ms.
Mono: successfully reloaded assembly
- Completed reload, in  1.120 seconds
Platform modules already initialized, skipping
Switching build target platform(19) subTarget(0) extendedPlatform(0) -> platform(9) subTarget(16777218) extendedPlatform(0)
Refreshing native plugins compatible for Editor in 0.72 ms, found 1 plugins.
Preloading 0 native plugins for Editor in 0.00 ms.
Unloading 1964 Unused Serialized files (Serialized files now loaded: 0)
System memory in use before: 105.7 MB.
System memory in use after: 105.8 MB.

Unloading 21 unused Assets to reduce memory usage. Loaded Objects now: 2465.
Total: 2.810200 ms (FindLiveObjects: 0.206900 ms CreateObjectMapping: 0.141500 ms MarkObjects: 2.409400 ms  DeleteObjects: 0.051300 ms)

AssetImportParameters requested are different than current active one (requested -> active):
  custom:graphics/normal-map-encoding: 01000000000000000000000000000000 -> 02000000000000000000000000000000
========================================================================
Received Prepare
Registering precompiled user dll's ...
Registered in 0.001055 seconds.
Begin MonoManager ReloadAssembly
Native extension for WindowsStandalone target not found
Native extension for WebGL target not found
Refreshing native plugins compatible for Editor in 0.88 ms, found 1 plugins.
Preloading 0 native plugins for Editor in 0.00 ms.
Mono: successfully reloaded assembly
- Completed reload, in  1.245 seconds
Platform modules already initialized, skipping
Switching build target platform(19) subTarget(0) extendedPlatform(0) -> platform(9) subTarget(16777218) extendedPlatform(0)
Refreshing native plugins compatible for Editor in 0.70 ms, found 1 plugins.
Preloading 0 native plugins for Editor in 0.00 ms.
Unloading 1964 Unused Serialized files (Serialized files now loaded: 0)
System memory in use before: 105.9 MB.
System memory in use after: 106.0 MB.

Unloading 21 unused Assets to reduce memory usage. Loaded Objects now: 2468.
Total: 2.456200 ms (FindLiveObjects: 0.171200 ms CreateObjectMapping: 0.081200 ms MarkObjects: 2.185900 ms  DeleteObjects: 0.016900 ms)

AssetImportParameters requested are different than current active one (requested -> active):
  custom:graphics/normal-map-encoding: 01000000000000000000000000000000 -> 02000000000000000000000000000000
========================================================================
Received Import Request.
  Time since last request: 92.878063 seconds.
  path: Assets/Scenes/Game2.unity
  artifactKey: Guid(24b7dbb30653bad448e9ce3a2ef1c1f5) Importer(815301076,1909f56bfc062723c751e8b465ee728b)
Start importing Assets/Scenes/Game2.unity using Guid(24b7dbb30653bad448e9ce3a2ef1c1f5) Importer(815301076,1909f56bfc062723c751e8b465ee728b)  -> (artifact id: '72ee99f0352ef2f724e2badfda937b10') in 0.020100 seconds 
========================================================================
Received Import Request.
  Time since last request: 2.995998 seconds.
  path: Assets/Scenes/Game2 1.unity
  artifactKey: Guid(2846a8d5a22fce54a9106abedde434b6) Importer(815301076,1909f56bfc062723c751e8b465ee728b)
Start importing Assets/Scenes/Game2 1.unity using Guid(2846a8d5a22fce54a9106abedde434b6) Importer(815301076,1909f56bfc062723c751e8b465ee728b)  -> (artifact id: 'e1d9a3a1774029da9dd1fb8bcb0a6069') in 0.014492 seconds 
========================================================================
Received Import Request.
  Time since last request: 21.685508 seconds.
  path: Assets/Scenes/Game3.unity
  artifactKey: Guid(2846a8d5a22fce54a9106abedde434b6) Importer(815301076,1909f56bfc062723c751e8b465ee728b)
Start importing Assets/Scenes/Game3.unity using Guid(2846a8d5a22fce54a9106abedde434b6) Importer(815301076,1909f56bfc062723c751e8b465ee728b)  -> (artifact id: '5ed539cec8d4d57d15367a35fe263d38') in 0.014436 seconds 
========================================================================
Received Import Request.
  Time since last request: 3.005725 seconds.
  path: Assets/Scenes/Game3 1.unity
  artifactKey: Guid(b9a39bb7151011e4eba3fb1009a77ff5) Importer(815301076,1909f56bfc062723c751e8b465ee728b)
Start importing Assets/Scenes/Game3 1.unity using Guid(b9a39bb7151011e4eba3fb1009a77ff5) Importer(815301076,1909f56bfc062723c751e8b465ee728b)  -> (artifact id: '1367f5e5ae9fc4b4c6bce0ff6e1aa3e7') in 0.020210 seconds 
========================================================================
Received Import Request.
  Time since last request: 5.099486 seconds.
  path: Assets/Scenes/Game4.unity
  artifactKey: Guid(b9a39bb7151011e4eba3fb1009a77ff5) Importer(815301076,1909f56bfc062723c751e8b465ee728b)
Start importing Assets/Scenes/Game4.unity using Guid(b9a39bb7151011e4eba3fb1009a77ff5) Importer(815301076,1909f56bfc062723c751e8b465ee728b)  -> (artifact id: 'e1295e001430a1945180f5c5c51d398e') in 0.017477 seconds 
========================================================================
Received Import Request.
  Time since last request: 30.993502 seconds.
  path: Assets/Scenes/Game4.unity
  artifactKey: Guid(b9a39bb7151011e4eba3fb1009a77ff5) Importer(815301076,1909f56bfc062723c751e8b465ee728b)
Start importing Assets/Scenes/Game4.unity using Guid(b9a39bb7151011e4eba3fb1009a77ff5) Importer(815301076,1909f56bfc062723c751e8b465ee728b)  -> (artifact id: 'ab6db27706df2d46b50f6aa52fa14a06') in 0.009611 seconds 
========================================================================
Received Import Request.
  Time since last request: 1.121962 seconds.
  path: Assets/Scenes/Game4 1.unity
  artifactKey: Guid(9cb6e38b593d49746b22675c8fbcb750) Importer(815301076,1909f56bfc062723c751e8b465ee728b)
Start importing Assets/Scenes/Game4 1.unity using Guid(9cb6e38b593d49746b22675c8fbcb750) Importer(815301076,1909f56bfc062723c751e8b465ee728b)  -> (artifact id: 'ef71fe3e88ee34810813afe56405ffaa') in 0.014028 seconds 
========================================================================
Received Import Request.
  Time since last request: 4.899745 seconds.
  path: Assets/Scenes/Game5.unity
  artifactKey: Guid(9cb6e38b593d49746b22675c8fbcb750) Importer(815301076,1909f56bfc062723c751e8b465ee728b)
Start importing Assets/Scenes/Game5.unity using Guid(9cb6e38b593d49746b22675c8fbcb750) Importer(815301076,1909f56bfc062723c751e8b465ee728b)  -> (artifact id: '5bac4ffa5329a9f33c0eb7fa39c64d72') in 0.014886 seconds 
========================================================================
Received Import Request.
  Time since last request: 16.266628 seconds.
  path: Assets/Scenes/Game5.unity
  artifactKey: Guid(9cb6e38b593d49746b22675c8fbcb750) Importer(815301076,1909f56bfc062723c751e8b465ee728b)
Start importing Assets/Scenes/Game5.unity using Guid(9cb6e38b593d49746b22675c8fbcb750) Importer(815301076,1909f56bfc062723c751e8b465ee728b)  -> (artifact id: '5fc3f6ece249ee1625b5edd064718942') in 0.008903 seconds 
========================================================================
Received Import Request.
  Time since last request: 0.785728 seconds.
  path: Assets/Scenes/Game5 1.unity
  artifactKey: Guid(c0d232b3865b4bc45a6ef3c084136bec) Importer(815301076,1909f56bfc062723c751e8b465ee728b)
Start importing Assets/Scenes/Game5 1.unity using Guid(c0d232b3865b4bc45a6ef3c084136bec) Importer(815301076,1909f56bfc062723c751e8b465ee728b)  -> (artifact id: '98844d5c883cf330863d83603464219b') in 0.013600 seconds 
========================================================================
Received Import Request.
  Time since last request: 5.611753 seconds.
  path: Assets/Scenes/Game6.unity
  artifactKey: Guid(c0d232b3865b4bc45a6ef3c084136bec) Importer(815301076,1909f56bfc062723c751e8b465ee728b)
Start importing Assets/Scenes/Game6.unity using Guid(c0d232b3865b4bc45a6ef3c084136bec) Importer(815301076,1909f56bfc062723c751e8b465ee728b)  -> (artifact id: '951bfa82c043d2abf102651d5af90210') in 0.015697 seconds 
========================================================================
Received Import Request.
  Time since last request: 16.813470 seconds.
  path: Assets/Scenes/Game6.unity
  artifactKey: Guid(c0d232b3865b4bc45a6ef3c084136bec) Importer(815301076,1909f56bfc062723c751e8b465ee728b)
Start importing Assets/Scenes/Game6.unity using Guid(c0d232b3865b4bc45a6ef3c084136bec) Importer(815301076,1909f56bfc062723c751e8b465ee728b)  -> (artifact id: '8225668887263c202001fa82548e1693') in 0.007741 seconds 
========================================================================
Received Import Request.
  Time since last request: 0.916940 seconds.
  path: Assets/Scenes/Game6 1.unity
  artifactKey: Guid(5c9e17dff867cde4baae5c589dcf1206) Importer(815301076,1909f56bfc062723c751e8b465ee728b)
Start importing Assets/Scenes/Game6 1.unity using Guid(5c9e17dff867cde4baae5c589dcf1206) Importer(815301076,1909f56bfc062723c751e8b465ee728b)  -> (artifact id: '30969efe1a177d96c2b04b14732f5392') in 0.015057 seconds 
========================================================================
Received Import Request.
  Time since last request: 6.695071 seconds.
  path: Assets/Scenes/Game7.unity
  artifactKey: Guid(5c9e17dff867cde4baae5c589dcf1206) Importer(815301076,1909f56bfc062723c751e8b465ee728b)
Start importing Assets/Scenes/Game7.unity using Guid(5c9e17dff867cde4baae5c589dcf1206) Importer(815301076,1909f56bfc062723c751e8b465ee728b)  -> (artifact id: 'ad9fae1d146cb7c326fde19fd4e7b282') in 0.016789 seconds 
========================================================================
Received Import Request.
  Time since last request: 12.685121 seconds.
  path: Assets/Scenes/Game7.unity
  artifactKey: Guid(5c9e17dff867cde4baae5c589dcf1206) Importer(815301076,1909f56bfc062723c751e8b465ee728b)
Start importing Assets/Scenes/Game7.unity using Guid(5c9e17dff867cde4baae5c589dcf1206) Importer(815301076,1909f56bfc062723c751e8b465ee728b)  -> (artifact id: '0bba9e297a6d25fd03a9313b02d116c6') in 0.012618 seconds 
========================================================================
Received Import Request.
  Time since last request: 0.756022 seconds.
  path: Assets/Scenes/Game7 1.unity
  artifactKey: Guid(e299b26cd9b738e4a8923c80031bc578) Importer(815301076,1909f56bfc062723c751e8b465ee728b)
Start importing Assets/Scenes/Game7 1.unity using Guid(e299b26cd9b738e4a8923c80031bc578) Importer(815301076,1909f56bfc062723c751e8b465ee728b)  -> (artifact id: '77f2429156c50b726cd819bb72dce272') in 0.014727 seconds 
========================================================================
Received Import Request.
  Time since last request: 4.011037 seconds.
  path: Assets/Scenes/Game8.unity
  artifactKey: Guid(e299b26cd9b738e4a8923c80031bc578) Importer(815301076,1909f56bfc062723c751e8b465ee728b)
Start importing Assets/Scenes/Game8.unity using Guid(e299b26cd9b738e4a8923c80031bc578) Importer(815301076,1909f56bfc062723c751e8b465ee728b)  -> (artifact id: 'b7e057b2fe800fa17455489f459a5b2c') in 0.014361 seconds 
========================================================================
Received Import Request.
  Time since last request: 15.359764 seconds.
  path: Assets/Scenes/Game8.unity
  artifactKey: Guid(e299b26cd9b738e4a8923c80031bc578) Importer(815301076,1909f56bfc062723c751e8b465ee728b)
Start importing Assets/Scenes/Game8.unity using Guid(e299b26cd9b738e4a8923c80031bc578) Importer(815301076,1909f56bfc062723c751e8b465ee728b)  -> (artifact id: 'd2b02ac00430f2d8da4eb05388dc427f') in 0.007800 seconds 
========================================================================
Received Import Request.
  Time since last request: 4.163354 seconds.
  path: Assets/Scenes/Game8 1.unity
  artifactKey: Guid(01648de3fe7f3a64fa0b1219f10f8bf8) Importer(815301076,1909f56bfc062723c751e8b465ee728b)
Start importing Assets/Scenes/Game8 1.unity using Guid(01648de3fe7f3a64fa0b1219f10f8bf8) Importer(815301076,1909f56bfc062723c751e8b465ee728b)  -> (artifact id: 'cae0c24d9142f40be9cb9153d25af92e') in 0.014906 seconds 
========================================================================
Received Import Request.
  Time since last request: 4.859317 seconds.
  path: Assets/Scenes/Game89.unity
  artifactKey: Guid(01648de3fe7f3a64fa0b1219f10f8bf8) Importer(815301076,1909f56bfc062723c751e8b465ee728b)
Start importing Assets/Scenes/Game89.unity using Guid(01648de3fe7f3a64fa0b1219f10f8bf8) Importer(815301076,1909f56bfc062723c751e8b465ee728b)  -> (artifact id: 'd3be4f01d55223d16d8b3383c8432745') in 0.013857 seconds 
========================================================================
Received Import Request.
  Time since last request: 5.085358 seconds.
  path: Assets/Scenes/Game9.unity
  artifactKey: Guid(01648de3fe7f3a64fa0b1219f10f8bf8) Importer(815301076,1909f56bfc062723c751e8b465ee728b)
Start importing Assets/Scenes/Game9.unity using Guid(01648de3fe7f3a64fa0b1219f10f8bf8) Importer(815301076,1909f56bfc062723c751e8b465ee728b)  -> (artifact id: 'e39d3d0341f5c530728cc74f698fb26a') in 0.016432 seconds 
========================================================================
Received Import Request.
  Time since last request: 25.147160 seconds.
  path: Assets/Scenes/Game9.unity
  artifactKey: Guid(01648de3fe7f3a64fa0b1219f10f8bf8) Importer(815301076,1909f56bfc062723c751e8b465ee728b)
Start importing Assets/Scenes/Game9.unity using Guid(01648de3fe7f3a64fa0b1219f10f8bf8) Importer(815301076,1909f56bfc062723c751e8b465ee728b)  -> (artifact id: 'a4035fa198d69bb8f0386862f7fa209c') in 0.008585 seconds 
========================================================================
Received Import Request.
  Time since last request: 0.781962 seconds.
  path: Assets/Scenes/Game9 1.unity
  artifactKey: Guid(ebbe85f6ebb1ff246bb31a7f0f4e8b94) Importer(815301076,1909f56bfc062723c751e8b465ee728b)
Start importing Assets/Scenes/Game9 1.unity using Guid(ebbe85f6ebb1ff246bb31a7f0f4e8b94) Importer(815301076,1909f56bfc062723c751e8b465ee728b)  -> (artifact id: '3165d6c1be807ecccd187b08df952fd8') in 0.013828 seconds 
========================================================================
Received Import Request.
  Time since last request: 5.376568 seconds.
  path: Assets/Scenes/Game10.unity
  artifactKey: Guid(ebbe85f6ebb1ff246bb31a7f0f4e8b94) Importer(815301076,1909f56bfc062723c751e8b465ee728b)
Start importing Assets/Scenes/Game10.unity using Guid(ebbe85f6ebb1ff246bb31a7f0f4e8b94) Importer(815301076,1909f56bfc062723c751e8b465ee728b)  -> (artifact id: '98fee993868c4cebaf6b153703c820c4') in 0.024936 seconds 
========================================================================
Received Import Request.
  Time since last request: 25.555745 seconds.
  path: Assets/Scenes/Game10 1.unity
  artifactKey: Guid(f4fb227bac9fe8242b1e1185be61baa6) Importer(815301076,1909f56bfc062723c751e8b465ee728b)
Start importing Assets/Scenes/Game10 1.unity using Guid(f4fb227bac9fe8242b1e1185be61baa6) Importer(815301076,1909f56bfc062723c751e8b465ee728b)  -> (artifact id: 'e0cf9183b82cb7acf897f23dbc99f9a4') in 0.013853 seconds 
========================================================================
Received Import Request.
  Time since last request: 4.112411 seconds.
  path: Assets/Scenes/Game11.unity
  artifactKey: Guid(f4fb227bac9fe8242b1e1185be61baa6) Importer(815301076,1909f56bfc062723c751e8b465ee728b)
Start importing Assets/Scenes/Game11.unity using Guid(f4fb227bac9fe8242b1e1185be61baa6) Importer(815301076,1909f56bfc062723c751e8b465ee728b)  -> (artifact id: '554b5203cb88082e0e13ba36baa7a842') in 0.014145 seconds 
========================================================================
Received Import Request.
  Time since last request: 20.407980 seconds.
  path: Assets/Scenes/Game11.unity
  artifactKey: Guid(f4fb227bac9fe8242b1e1185be61baa6) Importer(815301076,1909f56bfc062723c751e8b465ee728b)
Start importing Assets/Scenes/Game11.unity using Guid(f4fb227bac9fe8242b1e1185be61baa6) Importer(815301076,1909f56bfc062723c751e8b465ee728b)  -> (artifact id: '0402006bccbf82a0c74654c50d295ec1') in 0.008011 seconds 
========================================================================
Received Import Request.
  Time since last request: 0.879254 seconds.
  path: Assets/Scenes/Game11 1.unity
  artifactKey: Guid(68fd4d8ab5f30b640a89c564973f2b3b) Importer(815301076,1909f56bfc062723c751e8b465ee728b)
Start importing Assets/Scenes/Game11 1.unity using Guid(68fd4d8ab5f30b640a89c564973f2b3b) Importer(815301076,1909f56bfc062723c751e8b465ee728b)  -> (artifact id: '799c008e7d3e4b026c47b92c0f597bbe') in 0.013579 seconds 
========================================================================
Received Import Request.
  Time since last request: 4.315316 seconds.
  path: Assets/Scenes/Game12.unity
  artifactKey: Guid(68fd4d8ab5f30b640a89c564973f2b3b) Importer(815301076,1909f56bfc062723c751e8b465ee728b)
Start importing Assets/Scenes/Game12.unity using Guid(68fd4d8ab5f30b640a89c564973f2b3b) Importer(815301076,1909f56bfc062723c751e8b465ee728b)  -> (artifact id: '691c9bd53e5d9d04f52e0953e6026bac') in 0.015558 seconds 
========================================================================
Received Import Request.
  Time since last request: 26.951343 seconds.
  path: Assets/Scenes/Game12.unity
  artifactKey: Guid(68fd4d8ab5f30b640a89c564973f2b3b) Importer(815301076,1909f56bfc062723c751e8b465ee728b)
Start importing Assets/Scenes/Game12.unity using Guid(68fd4d8ab5f30b640a89c564973f2b3b) Importer(815301076,1909f56bfc062723c751e8b465ee728b)  -> (artifact id: 'ca005ccc60fa34af2afe68df88c9b93a') in 0.008321 seconds 
========================================================================
Received Import Request.
  Time since last request: 1.037114 seconds.
  path: Assets/Scenes/Game12 1.unity
  artifactKey: Guid(6eacc9ac5617ca442bda0d1a5869d1db) Importer(815301076,1909f56bfc062723c751e8b465ee728b)
Start importing Assets/Scenes/Game12 1.unity using Guid(6eacc9ac5617ca442bda0d1a5869d1db) Importer(815301076,1909f56bfc062723c751e8b465ee728b)  -> (artifact id: 'e4672f294d880dc7c147d704bda06783') in 0.013943 seconds 
========================================================================
Received Import Request.
  Time since last request: 3.843792 seconds.
  path: Assets/Scenes/Game13.unity
  artifactKey: Guid(6eacc9ac5617ca442bda0d1a5869d1db) Importer(815301076,1909f56bfc062723c751e8b465ee728b)
Start importing Assets/Scenes/Game13.unity using Guid(6eacc9ac5617ca442bda0d1a5869d1db) Importer(815301076,1909f56bfc062723c751e8b465ee728b)  -> (artifact id: '03c2b6d5684697cad09130cb376c81d3') in 0.015257 seconds 
========================================================================
Received Import Request.
  Time since last request: 73.626757 seconds.
  path: Assets/Scenes/Game3.unity
  artifactKey: Guid(2846a8d5a22fce54a9106abedde434b6) Importer(815301076,1909f56bfc062723c751e8b465ee728b)
Start importing Assets/Scenes/Game3.unity using Guid(2846a8d5a22fce54a9106abedde434b6) Importer(815301076,1909f56bfc062723c751e8b465ee728b)  -> (artifact id: 'bf05d6a5cda0d0e732233aeeb6168486') in 0.012788 seconds 
========================================================================
Received Prepare
Registering precompiled user dll's ...
Registered in 0.001578 seconds.
Begin MonoManager ReloadAssembly
Native extension for WindowsStandalone target not found
Native extension for WebGL target not found
Refreshing native plugins compatible for Editor in 0.70 ms, found 1 plugins.
Preloading 0 native plugins for Editor in 0.00 ms.
Mono: successfully reloaded assembly
- Completed reload, in  1.123 seconds
Platform modules already initialized, skipping
Switching build target platform(19) subTarget(0) extendedPlatform(0) -> platform(9) subTarget(16777218) extendedPlatform(0)
Refreshing native plugins compatible for Editor in 0.70 ms, found 1 plugins.
Preloading 0 native plugins for Editor in 0.00 ms.
Unloading 1964 Unused Serialized files (Serialized files now loaded: 0)
System memory in use before: 106.1 MB.
System memory in use after: 106.2 MB.

Unloading 21 unused Assets to reduce memory usage. Loaded Objects now: 2471.
Total: 3.590800 ms (FindLiveObjects: 0.551900 ms CreateObjectMapping: 0.170000 ms MarkObjects: 2.844600 ms  DeleteObjects: 0.023000 ms)

AssetImportParameters requested are different than current active one (requested -> active):
  custom:graphics/normal-map-encoding: 01000000000000000000000000000000 -> 02000000000000000000000000000000
========================================================================
Received Prepare
Registering precompiled user dll's ...
Registered in 0.001332 seconds.
Begin MonoManager ReloadAssembly
Native extension for WindowsStandalone target not found
Native extension for WebGL target not found
Refreshing native plugins compatible for Editor in 0.80 ms, found 1 plugins.
Preloading 0 native plugins for Editor in 0.00 ms.
Mono: successfully reloaded assembly
- Completed reload, in  1.167 seconds
Platform modules already initialized, skipping
Switching build target platform(19) subTarget(0) extendedPlatform(0) -> platform(9) subTarget(16777218) extendedPlatform(0)
Refreshing native plugins compatible for Editor in 0.69 ms, found 1 plugins.
Preloading 0 native plugins for Editor in 0.00 ms.
Unloading 1964 Unused Serialized files (Serialized files now loaded: 0)
System memory in use before: 106.1 MB.
System memory in use after: 106.2 MB.

Unloading 21 unused Assets to reduce memory usage. Loaded Objects now: 2474.
Total: 2.463400 ms (FindLiveObjects: 0.168000 ms CreateObjectMapping: 0.076400 ms MarkObjects: 2.201500 ms  DeleteObjects: 0.016400 ms)

AssetImportParameters requested are different than current active one (requested -> active):
  custom:graphics/normal-map-encoding: 01000000000000000000000000000000 -> 02000000000000000000000000000000
========================================================================
Received Prepare
Registering precompiled user dll's ...
Registered in 0.001823 seconds.
Begin MonoManager ReloadAssembly
Native extension for WindowsStandalone target not found
Native extension for WebGL target not found
Refreshing native plugins compatible for Editor in 0.66 ms, found 1 plugins.
Preloading 0 native plugins for Editor in 0.00 ms.
Mono: successfully reloaded assembly
- Completed reload, in  1.083 seconds
Platform modules already initialized, skipping
Switching build target platform(19) subTarget(0) extendedPlatform(0) -> platform(9) subTarget(16777218) extendedPlatform(0)
Refreshing native plugins compatible for Editor in 0.71 ms, found 1 plugins.
Preloading 0 native plugins for Editor in 0.00 ms.
Unloading 1964 Unused Serialized files (Serialized files now loaded: 0)
System memory in use before: 106.1 MB.
System memory in use after: 106.2 MB.

Unloading 21 unused Assets to reduce memory usage. Loaded Objects now: 2477.
Total: 2.746700 ms (FindLiveObjects: 0.169400 ms CreateObjectMapping: 0.072700 ms MarkObjects: 2.483500 ms  DeleteObjects: 0.020200 ms)

AssetImportParameters requested are different than current active one (requested -> active):
  custom:graphics/normal-map-encoding: 01000000000000000000000000000000 -> 02000000000000000000000000000000
========================================================================
Received Prepare
Registering precompiled user dll's ...
Registered in 0.001149 seconds.
Begin MonoManager ReloadAssembly
Native extension for WindowsStandalone target not found
Native extension for WebGL target not found
Refreshing native plugins compatible for Editor in 0.70 ms, found 1 plugins.
Preloading 0 native plugins for Editor in 0.00 ms.
Mono: successfully reloaded assembly
- Completed reload, in  1.362 seconds
Platform modules already initialized, skipping
Switching build target platform(19) subTarget(0) extendedPlatform(0) -> platform(9) subTarget(16777218) extendedPlatform(0)
Refreshing native plugins compatible for Editor in 0.74 ms, found 1 plugins.
Preloading 0 native plugins for Editor in 0.00 ms.
Unloading 1964 Unused Serialized files (Serialized files now loaded: 0)
System memory in use before: 106.1 MB.
System memory in use after: 106.2 MB.

Unloading 21 unused Assets to reduce memory usage. Loaded Objects now: 2480.
Total: 2.627300 ms (FindLiveObjects: 0.177300 ms CreateObjectMapping: 0.071100 ms MarkObjects: 2.359000 ms  DeleteObjects: 0.019000 ms)

AssetImportParameters requested are different than current active one (requested -> active):
  custom:graphics/normal-map-encoding: 01000000000000000000000000000000 -> 02000000000000000000000000000000
AssetImportWorkerClient::OnTransportError - code=2 error=End of file
